<?xml version="1.0" encoding="UTF-8"?>
<testng-results skipped="0" failed="0" ignored="0" total="2" passed="2">
  <reporter-output>
  </reporter-output>
  <suite name="Default suite" duration-ms="23520" started-at="2018-08-19T01:28:15Z" finished-at="2018-08-19T01:28:38Z">
    <groups>
    </groups>
    <test name="Default test" duration-ms="23520" started-at="2018-08-19T01:28:15Z" finished-at="2018-08-19T01:28:38Z">
      <class name="testcases.callingmethod">
        <test-method status="PASS" signature="setup()[pri:0, instance:testcases.callingmethod@3bd550]" name="setup" is-config="true" duration-ms="12346" started-at="2018-08-19T01:28:15Z" finished-at="2018-08-19T01:28:27Z">
          <reporter-output>
          </reporter-output>
        </test-method> <!-- setup -->
        <test-method status="PASS" signature="homeApper()[pri:0, instance:testcases.callingmethod@3bd550]" name="homeApper" duration-ms="3546" started-at="2018-08-19T01:28:27Z" finished-at="2018-08-19T01:28:31Z">
          <reporter-output>
          </reporter-output>
        </test-method> <!-- homeApper -->
        <test-method status="PASS" signature="customerdata()[pri:1, instance:testcases.callingmethod@3bd550]" name="customerdata" duration-ms="7609" started-at="2018-08-19T01:28:31Z" finished-at="2018-08-19T01:28:38Z">
          <reporter-output>
          </reporter-output>
        </test-method> <!-- customerdata -->
      </class> <!-- testcases.callingmethod -->
    </test> <!-- Default test -->
  </suite> <!-- Default suite -->
</testng-results>
